<?xml version="1.0"?>
<!--

    Copyright (c) 2005, Southpaw Technology
                        All Rights Reserved

    PROPRIETARY INFORMATION.  This software is proprietary to
    Southpaw Technology, and is not to be reproduced, transmitted,
    or disclosed in any way without written permission.

    AUTHOR:
        Remko Noteboom

-->




<config>


<table>
  <element name="test">
      <display class="TableElementWdg.SimpleTableElementWdg"/>
  </element>
  <element name="test2">
      <display class="TableElementWdg.SimpleTableElementWdg"/>
  </element>
  <element name="icon">
      <display class="TableElementWdg.IconWdg"/>
  </element>
  <element name="asset_info">
      <display class="TableElementWdg.AssetInfoWdg"/>
  </element>
  <element name="discussion">
      <display class="TableElementWdg.DiscussionWdg"/>
  </element>
  <element name="checkin">
      <display class="TableElementWdg.CheckinWdg"/>
  </element>
</table>

</config>

